---
  0 debug pnpm:scope: 
    selected: 1
    workspacePrefix: null
  1 info pnpm: 
    message: "A store server is running. All store manipulations are delegated to it."
    prefix: "/app"
  2 debug pnpm:package-json: 
    initial: 
      name: "vcodes"
      version: "0.0.1"
      description: "vcodes.xyz"
      main: "index.js"
      scripts: 
        start: "node index.js"
      dependencies: 
        @aloshai/mongosha: "^1.2.3"
        async-ejs: "^0.1.6"
        axios: "^0.21.1"
        body-parser: "^1.20.1"
        chalk: "^2.1.0"
        cheerio: "^1.0.0-rc.12"
        child_process: "^1.0.2"
        cookie-parser: "^1.4.6"
        cron: "^1.8.2"
        debug: "^4.3.4"
        delayed-stream: "^1.0.0"
        discord-buttons: "^4.0.0"
        discord.js: "^14.7.1"
        ejs: "^3.1.8"
        express: "^4.18.2"
        express-session: "^1.17.3"
        fs: "^0.0.2"
        hastebin-gen: "^2.0.5"
        helmet: "^4.4.1"
        http: "0.0.1-security"
        jimp: "^0.16.1"
        js-alert: "^1.0.4"
        level-session-store: "^2.2.0"
        marked: "^2.0.0"
        memorystore: "^1.6.7"
        moment: "^2.29.1"
        moment-duration-format: "^2.3.2"
        mongoose: "^5.13.15"
        node-fetch: "^2.6.8"
        parse-ms: "^2.1.0"
        passport: "^0.4.1"
        passport-discord: "^0.1.4"
        path: "^0.12.7"
        referrer-policy: "^1.2.0"
        request: "^2.88.2"
        socket.io: "^4.5.4"
        sweetalert: "^2.1.2"
        sweetalert2: "10.15.6"
        vcodes.js: "^1.0.1-renewed"
        void.db: "^2.0.2"
        void.nsfw: "^1.0.8-beta"
        node-events: "^0.0.2"
      engines: 
        node: "11.x"
      repository: 
        url: ""
      license: "MIT"
      keywords: 
        - "node"
        - "glitch"
        - "express"
      author: 
        name: "sa"
      readme: "# botlist"
      readmeFilename: "README.md"
      gitHead: "522e4f6ee8f1dd97c3ab8beef3d61a6ce5933c69"
      _id: "vcodes@0.0.1"
    prefix: "/app"
  3 warn pnpm: 
    message: "Moving discord.js that was installed by a different package manager to \"node_modules/.ignored"
    prefix: "/app"
  4 error pnpm: 
    message: 
      errno: -39
      code: "ENOTEMPTY"
      syscall: "rename"
      path: "/rbd/pnpm-volume/714c6ccb-ca43-460f-a62f-7d36985bd5cd/node_modules/discord.js"
      dest: "/rbd/pnpm-volume/714c6ccb-ca43-460f-a62f-7d36985bd5cd/node_modules/.ignored/discord.js"
    err: 
      name: "Error"
      message: "ENOTEMPTY: directory not empty, rename '/rbd/pnpm-volume/714c6ccb-ca43-460f-a62f-7d36985bd5cd/node_modules/discord.js' -> '/rbd/pnpm-volume/714c6ccb-ca43-460f-a62f-7d36985bd5cd/node_modules/.ignored/discord.js'"
      code: "ENOTEMPTY"
      stack: "Error: ENOTEMPTY: directory not empty, rename '/rbd/pnpm-volume/714c6ccb-ca43-460f-a62f-7d36985bd5cd/node_modules/discord.js' -> '/rbd/pnpm-volume/714c6ccb-ca43-460f-a62f-7d36985bd5cd/node_modules/.ignored/discord.js'"
